[2024-03-04 20:03:02,574: INFO: main: hello world]
[2024-03-07 09:59:01,673: INFO: main: hello world]
[2024-03-07 09:59:37,709: INFO: main: hello world]
[2024-03-07 12:55:17,925: INFO: common: yaml file: config\config.yaml loaded successfully]
[2024-03-07 12:55:17,930: INFO: common: yaml file: params.yaml loaded successfully]
[2024-03-07 12:55:17,932: INFO: common: created directory at: artifacts]
[2024-03-07 12:55:57,319: INFO: common: yaml file: config\config.yaml loaded successfully]
[2024-03-07 12:55:57,321: INFO: common: yaml file: params.yaml loaded successfully]
[2024-03-07 12:55:57,325: INFO: common: created directory at: artifacts]
[2024-03-07 12:55:57,640: INFO: common: created directory at: artifacts/data_ingestion]
[2024-03-07 12:57:30,629: INFO: common: yaml file: config\config.yaml loaded successfully]
[2024-03-07 12:57:30,633: INFO: common: yaml file: params.yaml loaded successfully]
[2024-03-07 12:57:30,635: INFO: common: created directory at: artifacts]
[2024-03-07 12:57:30,637: INFO: common: created directory at: artifacts/data_ingestion]
[2024-03-07 12:58:14,492: INFO: common: yaml file: config\config.yaml loaded successfully]
[2024-03-07 12:58:14,494: INFO: common: yaml file: params.yaml loaded successfully]
[2024-03-07 12:58:14,496: INFO: common: created directory at: artifacts]
[2024-03-07 12:58:14,497: INFO: common: created directory at: artifacts/data_ingestion]
[2024-03-07 13:03:56,167: INFO: 2813064552: Downloaded data from https://drive.google.com/file/d/16CDhrUVvI7epz0J0T2vHvo-onUgnZSPA/view?usp=sharing into file artifacts/data_ingestion/data.zip]
[2024-03-07 13:19:04,131: INFO: main: >>>>> stage Data Ingestion stage started <<<<<]
[2024-03-07 13:19:04,133: INFO: common: yaml file: config\config.yaml loaded successfully]
[2024-03-07 13:19:04,133: INFO: common: yaml file: params.yaml loaded successfully]
[2024-03-07 13:19:04,133: INFO: common: created directory at: artifacts]
[2024-03-07 13:19:04,134: INFO: common: created directory at: artifacts/data_ingestion]
[2024-03-07 13:27:55,005: INFO: data_ingestion: Downloaded data from https://drive.google.com/file/d/16CDhrUVvI7epz0J0T2vHvo-onUgnZSPA/view?usp=sharing into file artifacts/data_ingestion/data.zip]
[2024-03-07 13:28:09,088: INFO: main: >>>>> stage Data Ingestion stage completed <<<<<<
nx=======x]
[2024-03-07 23:52:31,872: INFO: main: >>>>> stage Data Ingestion stage started <<<<<]
[2024-03-07 23:52:31,874: INFO: common: yaml file: config\config.yaml loaded successfully]
[2024-03-07 23:52:31,875: INFO: common: yaml file: params.yaml loaded successfully]
[2024-03-07 23:52:31,875: INFO: common: created directory at: artifacts]
[2024-03-07 23:52:31,876: INFO: common: created directory at: artifacts/data_ingestion]
[2024-03-07 23:52:57,217: INFO: main: >>>>> stage Data Ingestion stage started <<<<<]
[2024-03-07 23:52:57,218: INFO: common: yaml file: config\config.yaml loaded successfully]
[2024-03-07 23:52:57,219: INFO: common: yaml file: params.yaml loaded successfully]
[2024-03-07 23:52:57,219: INFO: common: created directory at: artifacts]
[2024-03-07 23:52:57,220: INFO: common: created directory at: artifacts/data_ingestion]
[2024-03-08 00:00:37,478: INFO: data_ingestion: Downloaded data from https://drive.google.com/file/d/16CDhrUVvI7epz0J0T2vHvo-onUgnZSPA/view?usp=sharing into file artifacts/data_ingestion/data.zip]
[2024-03-08 00:00:57,886: INFO: main: >>>>> stage Data Ingestion stage completed <<<<<<
nx=======x]
[2024-03-12 02:02:39,909: INFO: common: yaml file: config\config.yaml loaded successfully]
[2024-03-12 02:02:40,012: INFO: common: yaml file: params.yaml loaded successfully]
[2024-03-12 02:04:06,332: INFO: common: yaml file: config\config.yaml loaded successfully]
[2024-03-12 02:04:06,335: INFO: common: yaml file: params.yaml loaded successfully]
[2024-03-12 02:04:06,336: INFO: common: created directory at: artifacts]
[2024-03-12 02:04:06,337: INFO: common: created directory at: artifacts/prepare_base_model]
[2024-03-12 02:04:52,890: INFO: common: yaml file: config\config.yaml loaded successfully]
[2024-03-12 02:04:52,914: INFO: common: yaml file: params.yaml loaded successfully]
[2024-03-12 02:04:52,915: INFO: common: created directory at: artifacts]
[2024-03-12 02:04:52,916: INFO: common: created directory at: artifacts/prepare_base_model]
[2024-03-12 02:07:20,520: INFO: common: yaml file: config\config.yaml loaded successfully]
[2024-03-12 02:07:20,524: INFO: common: yaml file: params.yaml loaded successfully]
[2024-03-12 02:07:20,526: INFO: common: created directory at: artifacts]
[2024-03-12 02:07:20,528: INFO: common: created directory at: artifacts/prepare_base_model]
[2024-03-12 02:07:44,008: WARNING: saving_utils: Compiled the loaded model, but the compiled metrics have yet to be built. `model.compile_metrics` will be empty until you train or evaluate the model.]
[2024-03-12 02:07:44,515: WARNING: saving_utils: Compiled the loaded model, but the compiled metrics have yet to be built. `model.compile_metrics` will be empty until you train or evaluate the model.]
[2024-03-12 02:29:28,182: INFO: main: >>>>> stage Data Ingestion stage started <<<<<]
[2024-03-12 02:29:28,185: INFO: common: yaml file: config\config.yaml loaded successfully]
[2024-03-12 02:29:28,187: INFO: common: yaml file: params.yaml loaded successfully]
[2024-03-12 02:29:28,276: INFO: common: created directory at: artifacts]
[2024-03-12 02:29:28,276: INFO: common: created directory at: artifacts/data_ingestion]
[2024-03-12 02:35:37,825: INFO: data_ingestion: Downloaded data from https://drive.google.com/file/d/16CDhrUVvI7epz0J0T2vHvo-onUgnZSPA/view?usp=sharing into file artifacts/data_ingestion/data.zip]
[2024-03-12 02:36:02,393: INFO: main: >>>>> stage Data Ingestion stage completed <<<<<<
nx=======x]
[2024-03-12 02:36:02,394: INFO: main: ******************]
[2024-03-12 02:36:02,394: INFO: main: >>>>>> stage Prepare base model started <<<<<<]
[2024-03-12 02:36:02,396: INFO: common: yaml file: config\config.yaml loaded successfully]
[2024-03-12 02:36:02,399: INFO: common: yaml file: params.yaml loaded successfully]
[2024-03-12 02:36:02,400: INFO: common: created directory at: artifacts]
[2024-03-12 02:36:02,400: INFO: common: created directory at: artifacts/prepare_base_model]
[2024-03-12 02:36:03,165: WARNING: saving_utils: Compiled the loaded model, but the compiled metrics have yet to be built. `model.compile_metrics` will be empty until you train or evaluate the model.]
[2024-03-12 02:36:04,431: WARNING: saving_utils: Compiled the loaded model, but the compiled metrics have yet to be built. `model.compile_metrics` will be empty until you train or evaluate the model.]
[2024-03-12 02:36:04,701: INFO: main: >>>>>> stage Prepare base model completed <<<<<<

x=========x]
